<?xml version="1.0" encoding="UTF-8"?>
<robot generator="Robot 3.1.2 (Python 3.6.3 on win32)" generated="20190925 13:11:16.306" rpa="false">
<suite id="s1" name="CDPSmokeTestCases StaffUser" source="C:\CDP\Automation\CDPSmokeTestCases_StaffUser.robot">
<kw name="Launch Web Browser" type="setup">
<arguments>
<arg>${URL}</arg>
<arg>${Browser}</arg>
</arguments>
<msg timestamp="20190925 13:11:16.344" level="FAIL">No keyword with name 'Launch Web Browser' found.</msg>
<status status="FAIL" starttime="20190925 13:11:16.344" endtime="20190925 13:11:16.344"></status>
</kw>
<test id="s1-t1" name="Testcase1:VerifyCDPLogSuccessfully">
<doc>This script Verifies Elements after launching FS in Myteam/MyOpponents/MyScouts/ScoutBuilder elements</doc>
<tags>
<tag>Logo</tag>
</tags>
<status status="FAIL" starttime="20190925 13:11:16.344" endtime="20190925 13:11:16.360" critical="yes">Parent suite setup failed:
No keyword with name 'Launch Web Browser' found.</status>
</test>
<kw name="Run Keyword" library="BuiltIn" type="teardown">
<doc>Executes the given keyword with the given arguments.</doc>
<arguments>
<arg>Close Browser</arg>
</arguments>
<kw name="Close Browser">
<msg timestamp="20190925 13:11:16.360" level="FAIL">No keyword with name 'Close Browser' found.</msg>
<status status="FAIL" starttime="20190925 13:11:16.360" endtime="20190925 13:11:16.360"></status>
</kw>
<status status="FAIL" starttime="20190925 13:11:16.360" endtime="20190925 13:11:16.360">No keyword with name 'Close Browser' found.</status>
</kw>
<doc>This Suite includes testcases for the most common workflows and functionality of Code Development Process</doc>
<status status="FAIL" starttime="20190925 13:11:16.306" endtime="20190925 13:11:16.360">Suite setup failed:
No keyword with name 'Launch Web Browser' found.

Also suite teardown failed:
No keyword with name 'Close Browser' found.</status>
</suite>
<statistics>
<total>
<stat pass="0" fail="1">Critical Tests</stat>
<stat pass="0" fail="1">All Tests</stat>
</total>
<tag>
<stat pass="0" fail="1">Logo</stat>
</tag>
<suite>
<stat pass="0" fail="1" id="s1" name="CDPSmokeTestCases StaffUser">CDPSmokeTestCases StaffUser</stat>
</suite>
</statistics>
<errors>
<msg timestamp="20190925 13:11:16.329" level="ERROR">Error in file 'C:\CDP\Automation\CDPSmokeTestCases_StaffUser.robot': Resource file '..\..\Resource\Keywords\CommonAction.robot' does not exist.</msg>
<msg timestamp="20190925 13:11:16.344" level="ERROR">Error in file 'C:\CDP\Automation\CDPSmokeTestCases_StaffUser.robot': Resource file '..\..\Resource\Keywords\LoginPage.robot' does not exist.</msg>
<msg timestamp="20190925 13:11:16.344" level="ERROR">Error in file 'C:\CDP\Automation\CDPSmokeTestCases_StaffUser.robot': Test library '..\..\Resource\CustomLibrary\MyLibrary.py' does not exist.</msg>
<msg timestamp="20190925 13:11:16.344" level="ERROR">Error in file 'C:\CDP\Automation\CDPSmokeTestCases_StaffUser.robot': Test library '..\..\Resource\CustomLibrary\ColorMap.py' does not exist.</msg>
<msg timestamp="20190925 13:11:16.344" level="ERROR">Error in file 'C:\CDP\Automation\CDPSmokeTestCases_StaffUser.robot': Resource file '..\..\Data\InputData.robot' does not exist.</msg>
<msg timestamp="20190925 13:11:16.344" level="ERROR">Error in file 'C:\CDP\Automation\CDPSmokeTestCases_StaffUser.robot': Variable file '..\..\Resource\Locators\Elements.py' does not exist.</msg>
</errors>
</robot>
